<?xml version="1.0" encoding="UTF-8"?>
<testng-results ignored="0" total="1" passed="1" failed="0" skipped="0">
  <reporter-output>
  </reporter-output>
  <suite started-at="2023-12-16T16:13:28 NPT" name="Surefire suite" finished-at="2023-12-16T16:13:33 NPT" duration-ms="4916">
    <groups>
    </groups>
    <test started-at="2023-12-16T16:13:28 NPT" name="Surefire test" finished-at="2023-12-16T16:13:33 NPT" duration-ms="4916">
      <class name="myMavenLearn.LearningTest">
        <test-method signature="test()[pri:0, instance:myMavenLearn.LearningTest@7692d9cc]" started-at="2023-12-16T16:13:28 NPT" name="test" finished-at="2023-12-16T16:13:33 NPT" duration-ms="4890" status="PASS">
          <reporter-output>
          </reporter-output>
        </test-method> <!-- test -->
      </class> <!-- myMavenLearn.LearningTest -->
    </test> <!-- Surefire test -->
  </suite> <!-- Surefire suite -->
</testng-results>
