<?xml version="1.0" encoding="UTF-8"?>
<testng-results ignored="0" total="1" passed="1" failed="0" skipped="0">
  <reporter-output>
  </reporter-output>
  <suite started-at="2023-12-19T18:03:16 NPT" name="Default suite" finished-at="2023-12-19T18:03:46 NPT" duration-ms="30216">
    <groups>
    </groups>
    <test started-at="2023-12-19T18:03:16 NPT" name="Default test" finished-at="2023-12-19T18:03:46 NPT" duration-ms="30216">
      <class name="myMavenLearn.LearningTest">
        <test-method signature="test()[pri:0, instance:myMavenLearn.LearningTest@3f197a46]" started-at="2023-12-19T18:03:16 NPT" name="test" finished-at="2023-12-19T18:03:46 NPT" duration-ms="30183" status="PASS">
          <reporter-output>
          </reporter-output>
        </test-method> <!-- test -->
      </class> <!-- myMavenLearn.LearningTest -->
    </test> <!-- Default test -->
  </suite> <!-- Default suite -->
</testng-results>
